[INFO] Scanning for projects...
[INFO] 
[INFO] ----------------------< com.example:Social-Media >----------------------
[INFO] Building Social-Media 0.0.1-SNAPSHOT
[INFO]   from pom.xml
[INFO] --------------------------------[ jar ]---------------------------------
[INFO] 
[INFO] --- clean:3.5.0:clean (default-clean) @ Social-Media ---
[INFO] Deleting C:\Users\MSIs\Desktop\Social-Media\target
[INFO] 
[INFO] >>> spring-boot:4.0.2:run (default-cli) > test-compile @ Social-Media >>>
[INFO] 
[INFO] --- resources:3.3.1:resources (default-resources) @ Social-Media ---
[INFO] Copying 1 resource from src\main\resources to target\classes
[INFO] Copying 0 resource from src\main\resources to target\classes
[INFO] 
[INFO] --- compiler:3.14.1:compile (default-compile) @ Social-Media ---
[INFO] Recompiling the module because of changed source code.
[INFO] Compiling 31 source files with javac [debug parameters release 17] to target\classes
[INFO] Annotation processing is enabled because one or more processors were found
  on the class path. A future release of javac may disable annotation processing
  unless at least one processor is specified by name (-processor), or a search
  path is specified (--processor-path, --processor-module-path), or annotation
  processing is enabled explicitly (-proc:only, -proc:full).
  Use -Xlint:-options to suppress this message.
  Use -proc:none to disable annotation processing.
[INFO] 
[INFO] --- resources:3.3.1:testResources (default-testResources) @ Social-Media ---
[INFO] skip non existing resourceDirectory C:\Users\MSIs\Desktop\Social-Media\src\test\resources
[INFO] 
[INFO] --- compiler:3.14.1:testCompile (default-testCompile) @ Social-Media ---
[INFO] Recompiling the module because of changed dependency.
[INFO] Compiling 1 source file with javac [debug parameters release 17] to target\test-classes
[INFO] Annotation processing is enabled because one or more processors were found
  on the class path. A future release of javac may disable annotation processing
  unless at least one processor is specified by name (-processor), or a search
  path is specified (--processor-path, --processor-module-path), or annotation
  processing is enabled explicitly (-proc:only, -proc:full).
  Use -Xlint:-options to suppress this message.
  Use -proc:none to disable annotation processing.
[INFO] 
[INFO] <<< spring-boot:4.0.2:run (default-cli) < test-compile @ Social-Media <<<
[INFO] 
[INFO] 
[INFO] --- spring-boot:4.0.2:run (default-cli) @ Social-Media ---
[INFO] Attaching agents: []

  .   ____          _            __ _ _
 /\\ / ___'_ __ _ _(_)_ __  __ _ \ \ \ \
( ( )\___ | '_ | '_| | '_ \/ _` | \ \ \ \
 \\/  ___)| |_)| | | | | || (_| |  ) ) ) )
  '  |____| .__|_| |_|_| |_\__, | / / / /
 =========|_|==============|___/=/_/_/_/

 :: Spring Boot ::                (v4.0.2)

2026-03-21T11:53:13.129+07:00  INFO 16676 --- [Social-Media] [           main] c.e.Social.Media.SocialMediaApplication  : Starting SocialMediaApplication using Java 21.0.8 with PID 16676 (C:\Users\MSIs\Desktop\Social-Media\target\classes started by MSIs in C:\Users\MSIs\Desktop\Social-Media)
2026-03-21T11:53:13.132+07:00  INFO 16676 --- [Social-Media] [           main] c.e.Social.Media.SocialMediaApplication  : No active profile set, falling back to 1 default profile: "default"
2026-03-21T11:53:13.708+07:00  INFO 16676 --- [Social-Media] [           main] .s.d.r.c.RepositoryConfigurationDelegate : Bootstrapping Spring Data JPA repositories in DEFAULT mode.
2026-03-21T11:53:13.750+07:00  INFO 16676 --- [Social-Media] [           main] .s.d.r.c.RepositoryConfigurationDelegate : Finished Spring Data repository scanning in 37 ms. Found 4 JPA repository interfaces.
2026-03-21T11:53:14.118+07:00  INFO 16676 --- [Social-Media] [           main] o.s.boot.tomcat.TomcatWebServer          : Tomcat initialized with port 8081 (http)
2026-03-21T11:53:14.128+07:00  INFO 16676 --- [Social-Media] [           main] o.apache.catalina.core.StandardService   : Starting service [Tomcat]
2026-03-21T11:53:14.128+07:00  INFO 16676 --- [Social-Media] [           main] o.apache.catalina.core.StandardEngine    : Starting Servlet engine: [Apache Tomcat/11.0.15]
2026-03-21T11:53:14.177+07:00  INFO 16676 --- [Social-Media] [           main] b.w.c.s.WebApplicationContextInitializer : Root WebApplicationContext: initialization completed in 995 ms
2026-03-21T11:53:14.262+07:00  INFO 16676 --- [Social-Media] [           main] org.hibernate.orm.jpa                    : HHH008540: Processing PersistenceUnitInfo [name: default]
2026-03-21T11:53:14.311+07:00  INFO 16676 --- [Social-Media] [           main] org.hibernate.orm.core                   : HHH000001: Hibernate ORM core version 7.2.1.Final
2026-03-21T11:53:14.640+07:00  INFO 16676 --- [Social-Media] [           main] o.s.o.j.p.SpringPersistenceUnitInfo      : No LoadTimeWeaver setup: ignoring JPA class transformer
2026-03-21T11:53:14.664+07:00  INFO 16676 --- [Social-Media] [           main] com.zaxxer.hikari.HikariDataSource       : HikariPool-1 - Starting...
2026-03-21T11:53:14.788+07:00  INFO 16676 --- [Social-Media] [           main] com.zaxxer.hikari.pool.HikariPool        : HikariPool-1 - Added connection com.mysql.cj.jdbc.ConnectionImpl@25b20860
2026-03-21T11:53:14.790+07:00  INFO 16676 --- [Social-Media] [           main] com.zaxxer.hikari.HikariDataSource       : HikariPool-1 - Start completed.
2026-03-21T11:53:14.853+07:00  INFO 16676 --- [Social-Media] [           main] org.hibernate.orm.connections.pooling    : HHH10001005: Database info:
	Database JDBC URL [jdbc:mysql://localhost:3306/social_media_db?createDatabaseIfNotExist=true&useSSL=false&allowPublicKeyRetrieval=true]
	Database driver: MySQL Connector/J
	Database dialect: MySQLDialect
	Database version: 8.4.3
	Default catalog/schema: social_media_db/undefined
	Autocommit mode: undefined/unknown
	Isolation level: REPEATABLE_READ [default REPEATABLE_READ]
	JDBC fetch size: none
	Pool: DataSourceConnectionProvider
	Minimum pool size: undefined/unknown
	Maximum pool size: undefined/unknown
2026-03-21T11:53:15.543+07:00  INFO 16676 --- [Social-Media] [           main] org.hibernate.orm.core                   : HHH000489: No JTA platform available (set 'hibernate.transaction.jta.platform' to enable JTA platform integration)
2026-03-21T11:53:15.600+07:00  INFO 16676 --- [Social-Media] [           main] j.LocalContainerEntityManagerFactoryBean : Initialized JPA EntityManagerFactory for persistence unit 'default'
2026-03-21T11:53:15.649+07:00  INFO 16676 --- [Social-Media] [           main] o.s.d.j.r.query.QueryEnhancerFactories   : Hibernate is in classpath; If applicable, HQL parser will be used.
2026-03-21T11:53:15.820+07:00  INFO 16676 --- [Social-Media] [           main] r$InitializeUserDetailsManagerConfigurer : Global AuthenticationManager configured with UserDetailsService bean with name customUserDetailsService
2026-03-21T11:53:15.945+07:00  WARN 16676 --- [Social-Media] [           main] JpaBaseConfiguration$JpaWebConfiguration : spring.jpa.open-in-view is enabled by default. Therefore, database queries may be performed during view rendering. Explicitly configure spring.jpa.open-in-view to disable this warning
2026-03-21T11:53:16.330+07:00  INFO 16676 --- [Social-Media] [           main] o.s.boot.tomcat.TomcatWebServer          : Tomcat started on port 8081 (http) with context path '/'
2026-03-21T11:53:16.334+07:00  INFO 16676 --- [Social-Media] [           main] c.e.Social.Media.SocialMediaApplication  : Started SocialMediaApplication in 3.521 seconds (process running for 3.877)
2026-03-21T11:53:16.672+07:00 DEBUG 16676 --- [Social-Media] [           main] org.hibernate.SQL                        : 
    select
        r1_0.id,
        r1_0.name 
    from
        roles r1_0 
    where
        r1_0.name=?
Hibernate: 
    select
        r1_0.id,
        r1_0.name 
    from
        roles r1_0 
    where
        r1_0.name=?
2026-03-21T11:53:16.691+07:00 DEBUG 16676 --- [Social-Media] [           main] org.hibernate.SQL                        : 
    select
        r1_0.id,
        r1_0.name 
    from
        roles r1_0 
    where
        r1_0.name=?
Hibernate: 
    select
        r1_0.id,
        r1_0.name 
    from
        roles r1_0 
    where
        r1_0.name=?
2026-03-21T11:53:16.697+07:00 DEBUG 16676 --- [Social-Media] [           main] org.hibernate.SQL                        : 
    select
        u1_0.id,
        u1_0.email,
        u1_0.password,
        u1_0.role_id,
        u1_0.username 
    from
        users u1_0 
    where
        u1_0.email=?
Hibernate: 
    select
        u1_0.id,
        u1_0.email,
        u1_0.password,
        u1_0.role_id,
        u1_0.username 
    from
        users u1_0 
    where
        u1_0.email=?
