[INFO] Scanning for projects...
[INFO] 
[INFO] ----------------------< com.example:Social-Media >----------------------
[INFO] Building Social-Media 0.0.1-SNAPSHOT
[INFO]   from pom.xml
[INFO] --------------------------------[ jar ]---------------------------------
[INFO] 
[INFO] >>> spring-boot:4.0.2:run (default-cli) > test-compile @ Social-Media >>>
[INFO] 
[INFO] --- resources:3.3.1:resources (default-resources) @ Social-Media ---
[INFO] Copying 1 resource from src\main\resources to target\classes
[INFO] Copying 0 resource from src\main\resources to target\classes
[INFO] 
[INFO] --- compiler:3.14.1:compile (default-compile) @ Social-Media ---
[INFO] Nothing to compile - all classes are up to date.
[INFO] 
[INFO] --- resources:3.3.1:testResources (default-testResources) @ Social-Media ---
[INFO] skip non existing resourceDirectory C:\Users\MSIs\Desktop\Social-Media\src\test\resources
[INFO] 
[INFO] --- compiler:3.14.1:testCompile (default-testCompile) @ Social-Media ---
[INFO] Nothing to compile - all classes are up to date.
[INFO] 
[INFO] <<< spring-boot:4.0.2:run (default-cli) < test-compile @ Social-Media <<<
[INFO] 
[INFO] 
[INFO] --- spring-boot:4.0.2:run (default-cli) @ Social-Media ---
[INFO] Attaching agents: []

  .   ____          _            __ _ _
 /\\ / ___'_ __ _ _(_)_ __  __ _ \ \ \ \
( ( )\___ | '_ | '_| | '_ \/ _` | \ \ \ \
 \\/  ___)| |_)| | | | | || (_| |  ) ) ) )
  '  |____| .__|_| |_|_| |_\__, | / / / /
 =========|_|==============|___/=/_/_/_/

 :: Spring Boot ::                (v4.0.2)

2026-03-21T10:55:09.723+07:00  INFO 6960 --- [Social-Media] [           main] c.e.Social.Media.SocialMediaApplication  : Starting SocialMediaApplication using Java 21.0.8 with PID 6960 (C:\Users\MSIs\Desktop\Social-Media\target\classes started by MSIs in C:\Users\MSIs\Desktop\Social-Media)
2026-03-21T10:55:09.726+07:00  INFO 6960 --- [Social-Media] [           main] c.e.Social.Media.SocialMediaApplication  : No active profile set, falling back to 1 default profile: "default"
2026-03-21T10:55:10.286+07:00  INFO 6960 --- [Social-Media] [           main] .s.d.r.c.RepositoryConfigurationDelegate : Bootstrapping Spring Data JPA repositories in DEFAULT mode.
2026-03-21T10:55:10.321+07:00  INFO 6960 --- [Social-Media] [           main] .s.d.r.c.RepositoryConfigurationDelegate : Finished Spring Data repository scanning in 29 ms. Found 1 JPA repository interface.
2026-03-21T10:55:10.667+07:00  INFO 6960 --- [Social-Media] [           main] o.s.boot.tomcat.TomcatWebServer          : Tomcat initialized with port 8080 (http)
2026-03-21T10:55:10.676+07:00  INFO 6960 --- [Social-Media] [           main] o.apache.catalina.core.StandardService   : Starting service [Tomcat]
2026-03-21T10:55:10.677+07:00  INFO 6960 --- [Social-Media] [           main] o.apache.catalina.core.StandardEngine    : Starting Servlet engine: [Apache Tomcat/11.0.15]
2026-03-21T10:55:10.721+07:00  INFO 6960 --- [Social-Media] [           main] b.w.c.s.WebApplicationContextInitializer : Root WebApplicationContext: initialization completed in 953 ms
2026-03-21T10:55:10.819+07:00  INFO 6960 --- [Social-Media] [           main] org.hibernate.orm.jpa                    : HHH008540: Processing PersistenceUnitInfo [name: default]
2026-03-21T10:55:10.861+07:00  INFO 6960 --- [Social-Media] [           main] org.hibernate.orm.core                   : HHH000001: Hibernate ORM core version 7.2.1.Final
2026-03-21T10:55:11.185+07:00  INFO 6960 --- [Social-Media] [           main] o.s.o.j.p.SpringPersistenceUnitInfo      : No LoadTimeWeaver setup: ignoring JPA class transformer
2026-03-21T10:55:11.207+07:00  INFO 6960 --- [Social-Media] [           main] com.zaxxer.hikari.HikariDataSource       : HikariPool-1 - Starting...
2026-03-21T10:55:11.328+07:00  INFO 6960 --- [Social-Media] [           main] com.zaxxer.hikari.pool.HikariPool        : HikariPool-1 - Added connection com.mysql.cj.jdbc.ConnectionImpl@26888c31
2026-03-21T10:55:11.329+07:00  INFO 6960 --- [Social-Media] [           main] com.zaxxer.hikari.HikariDataSource       : HikariPool-1 - Start completed.
2026-03-21T10:55:11.393+07:00  INFO 6960 --- [Social-Media] [           main] org.hibernate.orm.connections.pooling    : HHH10001005: Database info:
	Database JDBC URL [jdbc:mysql://localhost:3306/social_media_db?createDatabaseIfNotExist=true&useSSL=false&allowPublicKeyRetrieval=true]
	Database driver: MySQL Connector/J
	Database dialect: MySQLDialect
	Database version: 8.4.3
	Default catalog/schema: social_media_db/undefined
	Autocommit mode: undefined/unknown
	Isolation level: REPEATABLE_READ [default REPEATABLE_READ]
	JDBC fetch size: none
	Pool: DataSourceConnectionProvider
	Minimum pool size: undefined/unknown
	Maximum pool size: undefined/unknown
2026-03-21T10:55:12.053+07:00  INFO 6960 --- [Social-Media] [           main] org.hibernate.orm.core                   : HHH000489: No JTA platform available (set 'hibernate.transaction.jta.platform' to enable JTA platform integration)
2026-03-21T10:55:12.105+07:00  INFO 6960 --- [Social-Media] [           main] j.LocalContainerEntityManagerFactoryBean : Initialized JPA EntityManagerFactory for persistence unit 'default'
2026-03-21T10:55:12.159+07:00  INFO 6960 --- [Social-Media] [           main] o.s.d.j.r.query.QueryEnhancerFactories   : Hibernate is in classpath; If applicable, HQL parser will be used.
2026-03-21T10:55:12.281+07:00  INFO 6960 --- [Social-Media] [           main] r$InitializeUserDetailsManagerConfigurer : Global AuthenticationManager configured with UserDetailsService bean with name customUserDetailsService
2026-03-21T10:55:12.346+07:00  WARN 6960 --- [Social-Media] [           main] JpaBaseConfiguration$JpaWebConfiguration : spring.jpa.open-in-view is enabled by default. Therefore, database queries may be performed during view rendering. Explicitly configure spring.jpa.open-in-view to disable this warning
2026-03-21T10:55:12.714+07:00  WARN 6960 --- [Social-Media] [           main] ConfigServletWebServerApplicationContext : Exception encountered during context initialization - cancelling refresh attempt: org.springframework.context.ApplicationContextException: Failed to start bean 'webServerStartStop'
2026-03-21T10:55:12.715+07:00  INFO 6960 --- [Social-Media] [           main] j.LocalContainerEntityManagerFactoryBean : Closing JPA EntityManagerFactory for persistence unit 'default'
2026-03-21T10:55:12.717+07:00  INFO 6960 --- [Social-Media] [           main] com.zaxxer.hikari.HikariDataSource       : HikariPool-1 - Shutdown initiated...
2026-03-21T10:55:12.721+07:00  INFO 6960 --- [Social-Media] [           main] com.zaxxer.hikari.HikariDataSource       : HikariPool-1 - Shutdown completed.
2026-03-21T10:55:12.728+07:00  INFO 6960 --- [Social-Media] [           main] .s.b.a.l.ConditionEvaluationReportLogger : 

Error starting ApplicationContext. To display the condition evaluation report re-run your application with 'debug' enabled.
2026-03-21T10:55:12.736+07:00 ERROR 6960 --- [Social-Media] [           main] o.s.b.d.LoggingFailureAnalysisReporter   : 

***************************
APPLICATION FAILED TO START
***************************

Description:

Web server failed to start. Port 8080 was already in use.

Action:

Identify and stop the process that's listening on port 8080 or configure this application to listen on another port.

[INFO] ------------------------------------------------------------------------
[INFO] BUILD FAILURE
[INFO] ------------------------------------------------------------------------
[INFO] Total time:  5.328 s
[INFO] Finished at: 2026-03-21T10:55:12+07:00
[INFO] ------------------------------------------------------------------------
[ERROR] Failed to execute goal org.springframework.boot:spring-boot-maven-plugin:4.0.2:run (default-cli) on project Social-Media: Process terminated with exit code: 1 -> [Help 1]
[ERROR] 
[ERROR] To see the full stack trace of the errors, re-run Maven with the -e switch.
[ERROR] Re-run Maven using the -X switch to enable full debug logging.
[ERROR] 
[ERROR] For more information about the errors and possible solutions, please read the following articles:
[ERROR] [Help 1] http://cwiki.apache.org/confluence/display/MAVEN/MojoExecutionException
